<?xml version="1.0" encoding="UTF-8"?>
<testng-results ignored="0" total="1" passed="1" failed="0" skipped="0">
  <reporter-output>
  </reporter-output>
  <suite started-at="2026-06-28T00:30:12 IST" name="Default suite" finished-at="2026-06-28T00:30:22 IST" duration-ms="9966">
    <groups>
    </groups>
    <test started-at="2026-06-28T00:30:12 IST" name="Default test" finished-at="2026-06-28T00:30:22 IST" duration-ms="9966">
      <class name="tests.LogoutTest">
        <test-method is-config="true" signature="setup()[pri:0, instance:tests.LogoutTest@31190526]" started-at="2026-06-28T00:30:12 IST" name="setup" finished-at="2026-06-28T00:30:18 IST" duration-ms="5619" status="PASS">
          <reporter-output>
          </reporter-output>
        </test-method> <!-- setup -->
        <test-method signature="verifyLogout()[pri:0, instance:tests.LogoutTest@31190526]" started-at="2026-06-28T00:30:18 IST" name="verifyLogout" finished-at="2026-06-28T00:30:22 IST" duration-ms="3950" status="PASS">
          <reporter-output>
          </reporter-output>
        </test-method> <!-- verifyLogout -->
        <test-method is-config="true" signature="tearDown()[pri:0, instance:tests.LogoutTest@31190526]" started-at="2026-06-28T00:30:22 IST" name="tearDown" finished-at="2026-06-28T00:30:22 IST" duration-ms="317" status="PASS">
          <reporter-output>
          </reporter-output>
        </test-method> <!-- tearDown -->
      </class> <!-- tests.LogoutTest -->
    </test> <!-- Default test -->
  </suite> <!-- Default suite -->
</testng-results>
